C51 COMPILER V9.59.0.0   COMPILER_DEFS                                                     06/26/2019 08:52:49 PAGE 1   


C51 COMPILER V9.59.0.0, COMPILATION OF MODULE COMPILER_DEFS
OBJECT MODULE PLACED IN compiler_defs.OBJ
COMPILER INVOKED BY: C:\Keil_v5\C51\BIN\C51.exe compiler_defs.h DB OE BR INCDIR(C:\SiLabs\MCU\Inc)

line level    source

   1          //-----------------------------------------------------------------------------
   2          // compiler_defs.h
   3          //-----------------------------------------------------------------------------
   4          // Portions of this file are copyright Maarten Brock
   5          // http://sdcc.sourceforge.net
   6          // Portions of this file are copyright 2010, Silicon Laboratories, Inc.
   7          // http://www.silabs.com
   8          //
   9          // GNU LGPL boilerplate:
  10          /** This library is free software; you can redistribute it and/or
  11            * modify it under the terms of the GNU Lesser General Public
  12            * License as published by the Free Software Foundation; either
  13            * version 2.1 of the License, or (at your option) any later version.
  14            *
  15            * This library is distributed in the hope that it will be useful,
  16            * but WITHOUT ANY WARRANTY; without even the implied warranty of
  17            * MERCHANTABILITY or FITNESS FOR A PARTICULAR PURPOSE. See the GNU
  18            * Lesser General Public License for more details.
  19            *
  20            * You should have received a copy of the GNU Lesser General Public
  21            * License along with this library; if not, write to the Free Software
  22            * Foundation, Inc., 59 Temple Place, Suite 330, Boston, MA  02111-1307 USA
  23            *
  24            * In other words, you are welcome to use, share and improve this program.
  25            * You are forbidden to forbid anyone else to use, share and improve
  26            * what you give them. Help stamp out software-hoarding!
  27          **/
  28          // Program Description:
  29          //
  30          // **Important Note**: This header file should be included before including
  31          // a device-specific header file such as C8051F300_defs.h.
  32          //
  33          // Macro definitions to accomodate 8051 compiler differences in specifying
  34          // special function registers and other 8051-specific features such as NOP
  35          // generation, and locating variables in memory-specific segments.  The
  36          // compilers are identified by their unique predefined macros. See also:
  37          // http://predef.sourceforge.net/precomp.html
  38          //
  39          // SBIT and SFR define special bit and special function registers at the given
  40          // address. SFR16 and SFR32 define sfr combinations at adjacent addresses in
  41          // little-endian format. SFR16E and SFR32E define sfr combinations without
  42          // prerequisite byte order or adjacency. None of these multi-byte sfr
  43          // combinations will guarantee the order in which they are accessed when read
  44          // or written.
  45          //
  46          // SFR16X and SFR32X for 16 bit and 32 bit xdata registers are not defined
  47          // to avoid portability issues because of compiler endianness.
  48          //
  49          // Example:
  50          // // my_mcu.c: main 'c' file for my mcu
  51          // #include <compiler_defs.h>  // this file
  52          // #include <C8051xxxx_defs.h> // SFR definitions for specific MCU target
  53          //
  54          // SBIT  (P0_1, 0x80, 1);      // Port 0 pin 1
  55          // SFR   (P0, 0x80);           // Port 0
C51 COMPILER V9.59.0.0   COMPILER_DEFS                                                     06/26/2019 08:52:49 PAGE 2   

  56          // SFRX  (CPUCS, 0xE600);      // Cypress FX2 Control and Status register in
  57          //                             // xdata memory at 0xE600
  58          // SFR16 (TMR2, 0xCC);         // Timer 2, lsb at 0xCC, msb at 0xCD
  59          // SFR16E(TMR0, 0x8C8A);       // Timer 0, lsb at 0x8A, msb at 0x8C
  60          // SFR32 (MAC0ACC, 0x93);      // SiLabs C8051F120 32 bits MAC0 Accumulator,
  61          //                             // lsb at 0x93, msb at 0x96
  62          // SFR32E(SUMR, 0xE5E4E3E2);   // TI MSC1210 SUMR 32 bits Summation register,
  63          //                             // lsb at 0xE2, msb at 0xE5
  64          //
  65          // Target:         C8051xxxx
  66          // Tool chain:     Generic
  67          // Command Line:   None
  68          // 
  69          // Release 2.6 - 14 DEC 2012 (GO)
  70          //        -Added define for deprecated SDCC keyword 'at'
  71          // Release 2.5 - 12 SEP 2012 (TP)
  72          //    -Added defines for deprecated SDCC keywords bit and code
  73          // Release 2.4 - 27 AUG 2012 (TP)
  74          //    -Added defines for deprecated SDCC keywords interrupt, _asm, and _endasm
  75          // Release 2.3 - 27 MAY 2010 (DM)
  76          //    -Removed 'LOCATED_VARIABLE' pragma from Keil because it is not supported
  77          // Release 2.2 - 06 APR 2010 (ES)
  78          //    -Removed 'PATHINCLUDE' pragma from Raisonance section
  79          // Release 2.1 - 16 JUL 2009 (ES)
  80          //    -Added SEGMENT_POINTER macro definitions for SDCC, Keil, and Raisonance
  81          //    -Added LOCATED_VARIABLE_NO_INIT macro definitions for Raisonance
  82          // Release 2.0 - 19 MAY 2009 (ES)
  83          //    -Added LOCATED_VARIABLE_NO_INIT macro definitions for SDCC and Keil
  84          // Release 1.9 - 23 OCT 2008 (ES)
  85          //    -Updated Hi-Tech INTERRUPT and INTERRUPT_USING macro definitions
  86          //    -Added SFR16 macro defintion for Hi-Tech
  87          // Release 1.8 - 31 JUL 2008 (ES)
  88          //    -Added INTERRUPT_USING and FUNCTION_USING macro's
  89          //    -Added macro's for IAR
  90          //    -Corrected Union definitions for Hi-Tech and added SFR16 macro defintion
  91          // Release 1.7 - 11 SEP 2007 (BW)
  92          //    -Added support for Raisonance EVAL 03.03.42 and Tasking Eval 7.2r1
  93          // Release 1.6 - 27 AUG 2007 (BW)
  94          //    -Updated copyright notice per agreement with Maartin Brock
  95          //    -Added SDCC 2.7.0 "compiler.h" bug fixes
  96          //    -Added memory segment defines (SEG_XDATA, for example)
  97          // Release 1.5 - 24 AUG 2007 (BW)
  98          //    -Added support for NOP () macro
  99          //    -Added support for Hi-Tech ver 9.01
 100          // Release 1.4 - 07 AUG 2007 (PKC)
 101          //    -Removed FID and fixed formatting.
 102          // Release 1.3 - 30 SEP 2007 (TP)
 103          //    -Added INTERRUPT_PROTO_USING to properly support ISR context switching
 104          //     under SDCC.
 105          // Release 1.2 - (BW)
 106          //    -Added support for U8,U16,U32,S8,S16,S32,UU16,UU32 data types
 107          // Release 1.1 - (BW)
 108          //    -Added support for INTERRUPT, INTERRUPT_USING, INTERRUPT_PROTO,
 109          //     SEGMENT_VARIABLE, VARIABLE_SEGMENT_POINTER,
 110          //     SEGMENT_VARIABLE_SEGMENT_POINTER, and LOCATED_VARIABLE
 111          // Release 1.0 - 29 SEP 2006 (PKC)
 112          //    -Initial revision
 113          
 114          //-----------------------------------------------------------------------------
 115          // Header File Preprocessor Directive
 116          //-----------------------------------------------------------------------------
 117          
C51 COMPILER V9.59.0.0   COMPILER_DEFS                                                     06/26/2019 08:52:49 PAGE 3   

 118          #ifndef COMPILER_DEFS_H
 119          #define COMPILER_DEFS_H
 120          
 121          //-----------------------------------------------------------------------------
 122          // Macro definitions
 123          //-----------------------------------------------------------------------------
 124          
 125          // SDCC - Small Device C Compiler
 126          // http://sdcc.sourceforge.net
 127          
 128          #if defined SDCC
              
              #if (SDCC >= 300)
              
              #define interrupt __interrupt
              #define _asm __asm
              #define _endasm __endasm
              #define bit __bit
              #define code __code
              #define at __at
              
              #endif
              
              # define SEG_GENERIC
              # define SEG_FAR   __xdata
              # define SEG_DATA  __data
              # define SEG_NEAR  __data
              # define SEG_IDATA __idata
              # define SEG_XDATA __xdata
              # define SEG_PDATA __pdata
              # define SEG_CODE  __code
              # define SEG_BDATA __bdata
              
              # define SBIT(name, addr, bit)  __sbit  __at(addr+bit)                  name
              # define SFR(name, addr)        __sfr   __at(addr)                      name
              # define SFRX(name, addr)       xdata volatile unsigned char __at(addr) name
              # define SFR16(name, addr)      __sfr16 __at(((addr+1U)<<8) | addr)     name
              # define SFR16E(name, fulladdr) __sfr16 __at(fulladdr)                  name
              # define SFR32(name, addr)      __sfr32 __at(((addr+3UL)<<24) | ((addr+2UL)<<16) | ((addr+1UL)<<8) | addr)
             - name
              # define SFR32E(name, fulladdr) __sfr32 __at(fulladdr)                  name
              
              # define INTERRUPT(name, vector) void name (void) interrupt (vector)
              # define INTERRUPT_USING(name, vector, regnum) void name (void) interrupt (vector) using (regnum)
              # define INTERRUPT_PROTO(name, vector) void name (void) interrupt (vector)
              # define INTERRUPT_PROTO_USING(name, vector, regnum) void name (void) interrupt (vector) using (regnum)
              
              # define FUNCTION_USING(name, return_value, parameter, regnum) return_value name (parameter) using (regnum
             -)
              # define FUNCTION_PROTO_USING(name, return_value, parameter, regnum) return_value name (parameter) using (
             -regnum)
              // Note: Parameter must be either 'void' or include a variable type and name. (Ex: char temp_variable)
              
              # define SEGMENT_VARIABLE(name, vartype, locsegment) locsegment vartype name
              # define VARIABLE_SEGMENT_POINTER(name, vartype, targsegment) targsegment vartype * name
              # define SEGMENT_VARIABLE_SEGMENT_POINTER(name, vartype, targsegment, locsegment) targsegment vartype * lo
             -csegment name
              # define SEGMENT_POINTER(name, vartype, locsegment) vartype * locsegment name
              # define LOCATED_VARIABLE(name, vartype, locsegment, addr, init) locsegment at (addr) vartype name = init
              # define LOCATED_VARIABLE_NO_INIT(name, vartype, locsegment, addr) locsegment at (addr) vartype name
              
              // used with UU16
C51 COMPILER V9.59.0.0   COMPILER_DEFS                                                     06/26/2019 08:52:49 PAGE 4   

              # define LSB 0
              # define MSB 1
              
              // used with UU32 (b0 is least-significant byte)
              # define b0 0
              # define b1 1
              # define b2 2
              # define b3 3
              
              typedef unsigned char U8;
              typedef unsigned int U16;
              typedef unsigned long U32;
              
              typedef signed char S8;
              typedef signed int S16;
              typedef signed long S32;
              
              typedef union UU16
              {
                 U16 U16;
                 S16 S16;
                 U8 U8[2];
                 S8 S8[2];
              } UU16;
              
              typedef union UU32
              {
                 U32 U32;
                 S32 S32;
                 UU16 UU16[2];
                 U16 U16[2];
                 S16 S16[2];
                 U8 U8[4];
                 S8 S8[4];
              } UU32;
              
              // NOP () macro support
              #define NOP() _asm NOP _endasm
              
              
              //-----------------------------------------------------------------------------
              
              // Raisonance (must be placed before Keil C51)
              // http://www.raisonance.com
              
              #elif defined __RC51__
              
              //#error Raisonance C51 detected.
              
              # define SEG_GENERIC generic     //SEG_GENERIC only applies to pointers in Raisonance, not variables.
              # define SEG_FAR   xdata
              # define SEG_DATA  data
              # define SEG_NEAR  data
              # define SEG_IDATA idata
              # define SEG_XDATA xdata
              # define SEG_PDATA pdata
              # define SEG_CODE  code
              # define SEG_BDATA bdata
              
              # define SBIT(name, addr, bit)  at (addr+bit) sbit         name
              # define SFR(name, addr)        sfr at addr                name
              # define SFR16(name, addr)      sfr16 at addr              name
C51 COMPILER V9.59.0.0   COMPILER_DEFS                                                     06/26/2019 08:52:49 PAGE 5   

              # define SFR16E(name, fulladdr) /* not supported */
              # define SFR32(name, fulladdr)  /* not supported */
              # define SFR32E(name, fulladdr) /* not supported */
              
              # define INTERRUPT(name, vector) void name (void) interrupt vector
              # define INTERRUPT_USING(name, vector, regnum) void name (void) interrupt vector using regnum
              # define INTERRUPT_PROTO(name, vector) void name (void)
              # define INTERRUPT_PROTO_USING(name, vector, regnum) void name (void)
              
              # define FUNCTION_USING(name, return_value, parameter, regnum) return_value name (parameter) using regnum
              # define FUNCTION_PROTO_USING(name, return_value, parameter, regnum) return_value name (parameter)
              // Note: Parameter must be either 'void' or include a variable type and name. (Ex: char temp_variable)
              
              # define SEGMENT_VARIABLE(name, vartype, locsegment) vartype locsegment name
              # define VARIABLE_SEGMENT_POINTER(name, vartype, targsegment) vartype targsegment * name
              # define SEGMENT_VARIABLE_SEGMENT_POINTER(name, vartype, targsegment, locsegment) vartype targsegment * lo
             -csegment name
              # define SEGMENT_POINTER(name, vartype, locsegment) vartype * locsegment name
              # define LOCATED_VARIABLE(name, vartype, locsegment, addr, init) at addr locsegment vartype name
              # define LOCATED_VARIABLE_NO_INIT(name, vartype, locsegment, addr) at addr locsegment vartype name
              
              
              // used with UU16
              # define LSB 1
              # define MSB 0
              
              // used with UU32 (b0 is least-significant byte)
              # define b0 3
              # define b1 2
              # define b2 1
              # define b3 0
              
              typedef unsigned char U8;
              typedef unsigned int U16;
              typedef unsigned long U32;
              
              typedef signed char S8;
              typedef signed int S16;
              typedef signed long S32;
              
              typedef union UU16
              {
                 U16 U16;
                 S16 S16;
                 U8 U8[2];
                 S8 S8[2];
              } UU16;
              
              typedef union UU32
              {
                 U32 U32;
                 S32 S32;
                 UU16 UU16[2];
                 U16 U16[2];
                 S16 S16[2];
                 U8 U8[4];
                 S8 S8[4];
              } UU32;
              
              // NOP () macro support -- NOP is opcode 0x00
              #define NOP() asm { 0x00 }
              
C51 COMPILER V9.59.0.0   COMPILER_DEFS                                                     06/26/2019 08:52:49 PAGE 6   

              
              //-----------------------------------------------------------------------------
              
              
              // Keil C51
              // http://www.keil.com
              
              #elif defined __C51__
 307          
 308          //#error Keil C51 detected.
 309          
 310          # define SEG_GENERIC
 311          # define SEG_FAR   xdata
 312          # define SEG_DATA  data
 313          # define SEG_NEAR  data
 314          # define SEG_IDATA idata
 315          # define SEG_XDATA xdata
 316          # define SEG_PDATA pdata
 317          # define SEG_CODE  code
 318          # define SEG_BDATA bdata
 319          
 320          # define SBIT(name, addr, bit)  sbit  name = addr^bit
 321          # define SFR(name, addr)        sfr   name = addr
 322          # define SFR16(name, addr)      sfr16 name = addr
 323          # define SFR16E(name, fulladdr) /* not supported */
 324          # define SFR32(name, fulladdr)  /* not supported */
 325          # define SFR32E(name, fulladdr) /* not supported */
 326          
 327          # define INTERRUPT(name, vector) void name (void) interrupt vector
 328          # define INTERRUPT_USING(name, vector, regnum) void name (void) interrupt vector using regnum
 329          # define INTERRUPT_PROTO(name, vector) void name (void)
 330          # define INTERRUPT_PROTO_USING(name, vector, regnum) void name (void)
 331          
 332          # define FUNCTION_USING(name, return_value, parameter, regnum) return_value name (parameter) using regnum
 333          # define FUNCTION_PROTO_USING(name, return_value, parameter, regnum) return_value name (parameter)
 334          // Note: Parameter must be either 'void' or include a variable type and name. (Ex: char temp_variable)
 335          
 336          # define SEGMENT_VARIABLE(name, vartype, locsegment) vartype locsegment name
 337          # define VARIABLE_SEGMENT_POINTER(name, vartype, targsegment) vartype targsegment * name
 338          # define SEGMENT_VARIABLE_SEGMENT_POINTER(name, vartype, targsegment, locsegment) vartype targsegment * lo
             -csegment name
 339          # define SEGMENT_POINTER(name, vartype, locsegment) vartype * locsegment name
 340          # define LOCATED_VARIABLE_NO_INIT(name, vartype, locsegment, addr) vartype locsegment name _at_ addr
 341          
 342          // used with UU16
 343          # define LSB 1
 344          # define MSB 0
 345          
 346          // used with UU32 (b0 is least-significant byte)
 347          # define b0 3
 348          # define b1 2
 349          # define b2 1
 350          # define b3 0
 351          
 352          typedef unsigned char U8;
 353          typedef unsigned int U16;
 354          typedef unsigned long U32;
 355          
 356          typedef signed char S8;
 357          typedef signed int S16;
 358          typedef signed long S32;
 359          
C51 COMPILER V9.59.0.0   COMPILER_DEFS                                                     06/26/2019 08:52:49 PAGE 7   

 360          typedef union UU16
 361          {
 362             U16 U16;
 363             S16 S16;
 364             U8 U8[2];
 365             S8 S8[2];
 366          } UU16;
 367          
 368          typedef union UU32
 369          {
 370             U32 U32;
 371             S32 S32;
 372             UU16 UU16[2];
 373             U16 U16[2];
 374             S16 S16[2];
 375             U8 U8[4];
 376             S8 S8[4];
 377          } UU32;
 378          
 379          // NOP () macro support
 380          extern void _nop_ (void);
 381          #define NOP() _nop_()
 382          
 383          //-----------------------------------------------------------------------------
 384          
 385          // Hi-Tech 8051
 386          // http://www.htsoft.com
 387          
 388          #elif defined HI_TECH_C
              
              # define SEG_GENERIC
              # define SEG_FAR   far
              # define SEG_DATA  data
              # define SEG_NEAR  near
              # define SEG_IDATA idata
              # define SEG_XDATA xdata
              # define SEG_PDATA pdata
              # define SEG_CODE  code
              # define SEG_BDATA bdata
              
              
              # define SBIT(name, addr, thebit) static volatile bit name @ (addr + thebit)
              # define SFR(name, addr)          static volatile unsigned char name @ addr
              # define SFR16(name, addr)        static volatile unsigned int name @ addr
              # define SFR16E(name, fulladdr) /* not supported */
              # define SFR32(name, fulladdr)  /* not supported */
              # define SFR32E(name, fulladdr) /* not supported */
              
              # define INTERRUPT(name, vector)       void name (void) interrupt vector
              # define INTERRUPT_PROTO(name, vector)
              # define INTERRUPT_USING(name, vector, regnum) void name (void) interrupt vector using regnum
              # define INTERRUPT_PROTO_USING(name, vector, regnum)
              
              # define FUNCTION_USING(name, return_value, parameter, regnum) /* not supported */
              # define FUNCTION_PROTO_USING(name, return_value, parameter, regnum) /* not supported */
              // Note: Hi-Tech does not support functions using different register banks. Register
              //       banks can only be specified in interrupts. If a function is called from
              //       inside an interrupt, it will use the same register bank as the interrupt.
              
              # define SEGMENT_VARIABLE(name, vartype, locsegment) locsegment vartype name
              # define VARIABLE_SEGMENT_POINTER(name, vartype, targsegment) targsegment vartype * name
              # define SEGMENT_VARIABLE_SEGMENT_POINTER(name, vartype, targsegment, locsegment) targsegment vartype * lo
C51 COMPILER V9.59.0.0   COMPILER_DEFS                                                     06/26/2019 08:52:49 PAGE 8   

             -csegment name
              # define LOCATED_VARIABLE(name, vartype, locsegment, addr, init) locsegment vartype name @ addr
              
              // used with UU16
              # define LSB 0
              # define MSB 1
              
              // used with UU32 (b0 is least-significant byte)
              # define b0 0
              # define b1 1
              # define b2 2
              # define b3 3
              
              typedef unsigned char U8;
              typedef unsigned int U16;
              typedef unsigned long U32;
              
              typedef signed char S8;
              typedef signed int S16;
              typedef signed long S32;
              
              typedef union UU16
              {
                 U16 U16;
                 S16 S16;
                 U8 U8[2];
                 S8 S8[2];
              } UU16;
              
              typedef union UU32
              {
                 U32 U32;
                 S32 S32;
                 UU16 UU16[2];
                 U16 U16[2];
                 S16 S16[2];
                 U8 U8[4];
                 S8 S8[4];
              } UU32;
              
              // NOP () macro support
              #define NOP() asm(" nop ")
              
              //-----------------------------------------------------------------------------
              
              // Tasking / Altium
              // http://www.altium.com/tasking
              
              
              #elif defined _CC51
              
              # define SEG_GENERIC
              # define SEG_FAR   _xdat
              # define SEG_DATA  _data
              # define SEG_NEAR  _data
              # define SEG_IDATA _idat
              # define SEG_XDATA _xdat
              # define SEG_PDATA _pdat
              # define SEG_CODE  _rom
              # define SEG_BDATA _bdat
              
              # define SBIT(name, addr, bit)  _sfrbit  name _at(addr+bit)
C51 COMPILER V9.59.0.0   COMPILER_DEFS                                                     06/26/2019 08:52:49 PAGE 9   

              # define SFR(name, addr)        _sfrbyte name _at(addr)
              # define SFRX(name, addr)       _xdat volatile unsigned char name _at(addr)
              #if _CC51 > 71
              # define SFR16(name, addr)      _sfrword _little name _at(addr)
              #else
              # define SFR16(name, addr)      /* not supported */
              #endif
              # define SFR16E(name, fulladdr) /* not supported */
              # define SFR32(name, fulladdr)  /* not supported */
              # define SFR32E(name, fulladdr) /* not supported */
              
              # define INTERRUPT(name, vector) _interrupt (vector) void name (void)
              # define INTERRUPT_USING(name, vector, regnum) _interrupt (vector) _using(regnum) void name (void)
              # define INTERRUPT_PROTO(name, vector) _interrupt (vector) void name (void)
              # define INTERRUPT_PROTO_USING(name, vector, regnum) _interrupt (vector) _using(regnum) void name (void)
              
              // When calling FUNCTION_USING in Tasking, the function must be called from an interrupt or Main which
              // is also using the same register bank. If not, the compiler will generate an error.
              # define FUNCTION_USING(name, return_value, parameter, regnum) _using(regnum) return_value name (parameter
             -)
              # define FUNCTION_PROTO_USING(name, return_value, parameter, regnum) _using(regnum) return_value name (par
             -ameter)
              // Note: Parameter must be either 'void' or include a variable type and name. (Ex: char temp_variable)
              
              # define SEGMENT_VARIABLE(name, vartype, locsegment) vartype locsegment name
              # define VARIABLE_SEGMENT_POINTER(name, vartype, targsegment) vartype targsegment * name
              # define SEGMENT_VARIABLE_SEGMENT_POINTER(name, vartype, targsegment, locsegment) vartype targsegment * lo
             -csegment name
              # define LOCATED_VARIABLE(name, vartype, locsegment, addr, init) vartype locsegment name _at( addr )
              
              // used with UU16
              # define LSB 1
              # define MSB 0
              
              // used with UU32 (b0 is least-significant byte)
              # define b0 3
              # define b1 2
              # define b2 1
              # define b3 0
              
              typedef unsigned char U8;
              typedef unsigned int U16;
              typedef unsigned long U32;
              
              typedef signed char S8;
              typedef signed int S16;
              typedef signed long S32;
              
              typedef union UU16
              {
                 U16 U16;
                 S16 S16;
                 U8 U8[2];
                 S8 S8[2];
              } UU16;
              
              typedef union UU32
              {
                 U32 U32;
                 S32 S32;
                 UU16 UU16[2];
                 U16 U16[2];
C51 COMPILER V9.59.0.0   COMPILER_DEFS                                                     06/26/2019 08:52:49 PAGE 10  

                 S16 S16[2];
                 U8 U8[4];
                 S8 S8[4];
              } UU32;
              
              // NOP () macro support
              extern void _nop (void);
              #define NOP() _nop()
              
              //-----------------------------------------------------------------------------
              
              
              // IAR 8051
              // http://www.iar.com
              
              #elif defined __ICC8051__
              
              #include <stdbool.h>
              #include <intrinsics.h>
              
              # define SBIT(name, addr, bit)  __bit __no_init volatile bool name @ (addr+bit)
              # define SFR(name, addr)        __sfr __no_init volatile unsigned char name @ addr
              # define SFRX(name, addr)       __xdata __no_init volatile unsigned char name @ addr
              # define SFR16(name, addr)      __sfr __no_init volatile unsigned int  name @ addr
              # define SFR16E(name, fulladdr) /* not supported */
              # define SFR32(name, fulladdr) /* not supported */
              # define SFR32E(name, fulladdr) /* not supported */
              
              # define SEG_GENERIC __generic
              # define SEG_FAR  __xdata
              # define SEG_DATA __data
              # define SEG_NEAR __data
              # define SEG_IDATA __idata
              # define SEG_XDATA __xdata
              # define SEG_PDATA __pdata
              # define SEG_CODE  __code
              # define SEG_BDATA __bdata
              
              #define bit bool
              
              # define _PPTOSTR_(x) #x
              # define _PPARAM_(address) _PPTOSTR_(vector=address * 8 + 3)
              # define _PPARAM2_(regbank) _PPTOSTR_(register_bank=regbank)
              # define INTERRUPT(name, vector) _Pragma(_PPARAM_(vector)) __interrupt void name(void)
              # define INTERRUPT_PROTO(name, vector)  __interrupt void name(void)
              # define INTERRUPT_USING(name, vector, regnum) _Pragma(_PPARAM2_(regnum)) _Pragma(_PPARAM_(vector)) __inte
             -rrupt void name(void)
              # define INTERRUPT_PROTO_USING(name, vector, regnum) __interrupt void name(void)
              
              # define FUNCTION_USING(name, return_value, parameter, regnum) /* not supported */
              # define FUNCTION_PROTO_USING(name, return_value, parameter, regnum) /* not supported */
              // Note: IAR does not support functions using different register banks. Register
              //       banks can only be specified in interrupts. If a function is called from
              //       inside an interrupt, it will use the same register bank as the interrupt.
              
              # define SEGMENT_VARIABLE(name, vartype, locsegment)  locsegment vartype name
              # define VARIABLE_SEGMENT_POINTER(name, vartype, targsegment) vartype targsegment  * name
              # define SEGMENT_VARIABLE_SEGMENT_POINTER(name, vartype, targsegment, locsegment) vartype targsegment * lo
             -csegment name
              
              # define LOCATED_VARIABLE(name, vartype, locsegment, addr, init) locsegment __no_init vartype name @ addr
              
C51 COMPILER V9.59.0.0   COMPILER_DEFS                                                     06/26/2019 08:52:49 PAGE 11  

              // used with UU16
              # define LSB 0
              # define MSB 1
              
              // used with UU32 (b0 is least-significant byte)
              # define b0 0
              # define b1 1
              # define b2 2
              # define b3 3
              
              typedef unsigned char U8;
              typedef unsigned int U16;
              typedef unsigned long U32;
              
              typedef signed char S8;
              typedef signed int S16;
              typedef signed long S32;
              
              typedef union UU16
              {
                 U16 U16;
                 S16 S16;
                 U8 U8[2];
                 S8 S8[2];
              } UU16;
              
              typedef union UU32
              {
                 U32 U32;
                 S32 S32;
                 UU16 UU16[2];
                 U16 U16[2];
                 S16 S16[2];
                 U8 U8[4];
                 S8 S8[4];
              } UU32;
              
              
              #define NOP() __no_operation();
              //-----------------------------------------------------------------------------
              
              // Crossware
              // http://www.crossware.com
              
              #elif defined _XC51_VER
              # define SBIT(name, addr, bit)  _sfrbit  name = (addr+bit)
              # define SFR(name, addr)        _sfr     name = addr
              # define SFR16(name, addr)      _sfrword name = addr
              # define SFR16E(name, fulladdr) /* not supported */
              # define SFR32(name, fulladdr)  /* not supported */
              # define SFR32E(name, fulladdr) /* not supported */
              
              //-----------------------------------------------------------------------------
              
              // Wickenhäuser
              // http://www.wickenhaeuser.de
              
              #elif defined __UC__
              # define SBIT(name, addr, bit)  unsigned char bit  name @ (addr+bit)
              # define SFR(name, addr)        near unsigned char name @ addr
              # define SFR16(name, addr)      /* not supported */
              # define SFR16E(name, fulladdr) /* not supported */
C51 COMPILER V9.59.0.0   COMPILER_DEFS                                                     06/26/2019 08:52:49 PAGE 12  

              # define SFR32(name, fulladdr)  /* not supported */
              # define SFR32E(name, fulladdr) /* not supported */
              
              //-----------------------------------------------------------------------------
              
              // Default
              // Unknown compiler
              
              #else
              # warning unrecognized compiler
              # define SBIT(name, addr, bit)  volatile bool           name
              # define SFR(name, addr)        volatile unsigned char  name
              # define SFRX(name, addr)       volatile unsigned char  name
              # define SFR16(name, addr)      volatile unsigned short name
              # define SFR16E(name, fulladdr) volatile unsigned short name
              # define SFR32(name, fulladdr)  volatile unsigned long  name
              # define SFR32E(name, fulladdr) volatile unsigned long  name
              
              #endif
 683          
 684          //-----------------------------------------------------------------------------
 685          // Header File PreProcessor Directive
 686          //-----------------------------------------------------------------------------
 687          
 688          #endif                                 // #define COMPILER_DEFS_H
 689          
 690          //-----------------------------------------------------------------------------
 691          // End Of File
 692          //-----------------------------------------------------------------------------


MODULE INFORMATION:   STATIC OVERLAYABLE
   CODE SIZE        =   ----    ----
   CONSTANT SIZE    =   ----    ----
   XDATA SIZE       =   ----    ----
   PDATA SIZE       =   ----    ----
   DATA SIZE        =   ----    ----
   IDATA SIZE       =   ----    ----
   BIT SIZE         =   ----    ----
END OF MODULE INFORMATION.


C51 COMPILATION COMPLETE.  0 WARNING(S),  0 ERROR(S)
