
BL51 BANKED LINKER/LOCATER V6.22.2.0 - SN: K1FPC-K02D4Z
COPYRIGHT ARM Germany GmbH 1987 - 2017
"C:\Users\matan\Documents\GitHub\battleships\8051\battleships.obj",
"C:\Users\matan\Documents\GitHub\battleships\8051\User_Interface_Functions.obj",
"C:\Users\matan\Documents\GitHub\battleships\8051\Init_Device.obj"  TO "C:\Users\matan\Documents\GitHub\battleships\8051\battleships" RS(256) PL(68) PW(78) 

*** WARNING L16: UNCALLED SEGMENT, IGNORED FOR OVERLAY PROCESS
    SEGMENT: ?PR?CHECK_INPUT_UART?BATTLESHIPS

*** WARNING L16: UNCALLED SEGMENT, IGNORED FOR OVERLAY PROCESS
    SEGMENT: ?PR?KEPAD_INIT?USER_INTERFACE_FUNCTIONS

*** WARNING L16: UNCALLED SEGMENT, IGNORED FOR OVERLAY PROCESS
    SEGMENT: ?PR?_HUGE_DELAY?USER_INTERFACE_FUNCTIONS

*** WARNING L15: MULTIPLE CALL TO SEGMENT
    SEGMENT: ?PR?_LCD_CMD?USER_INTERFACE_FUNCTIONS
    CALLER1: ?PR?END?BATTLESHIPS
    CALLER2: ?C_C51STARTUP

*** WARNING L15: MULTIPLE CALL TO SEGMENT
    SEGMENT: ?PR?_LCD_MSG?USER_INTERFACE_FUNCTIONS
    CALLER1: ?PR?END?BATTLESHIPS
    CALLER2: ?C_C51STARTUP

*** WARNING L15: MULTIPLE CALL TO SEGMENT
    SEGMENT: ?PR?_LCD_DAT?USER_INTERFACE_FUNCTIONS
    CALLER1: ?PR?END?BATTLESHIPS
    CALLER2: ?C_C51STARTUP

Program Size: data=114.0 xdata=0 code=3533
LINK/LOCATE RUN COMPLETE.  6 WARNING(S),  0 ERROR(S)
